<?xml version="1.0" encoding="UTF-8"?>
<robot generator="Robot 3.1.2 (Python 3.7.4 on win32)" generated="20191223 15:15:46.976" rpa="false">
<suite id="s1" name="LO registration" source="C:\Development\KSS_automation\Tests\LO_registration.robot">
<test id="s1-t1" name="Logged out should be able to register for free trial">
<kw name="Begin Web Test" library="common_res" type="setup">
<kw name="Open Browser" library="Selenium2Library">
<doc>Opens a new browser instance to the given ``url``.</doc>
<arguments>
<arg>about:blank</arg>
<arg>${BROWSER}</arg>
</arguments>
<msg timestamp="20191223 15:15:47.268" level="INFO">Opening browser 'chrome' to base url 'about:blank'.</msg>
<status status="PASS" starttime="20191223 15:15:47.268" endtime="20191223 15:15:52.735"></status>
</kw>
<kw name="Maximize Browser Window" library="Selenium2Library">
<doc>Maximizes current browser window.</doc>
<status status="PASS" starttime="20191223 15:15:52.735" endtime="20191223 15:15:56.877"></status>
</kw>
<kw name="Insert Dynamic Testing Data" library="common_res">
<kw name="Get Current Date" library="DateTime">
<doc>Returns current local or UTC time with an optional increment.</doc>
<arguments>
<arg>result_format=%m%d</arg>
</arguments>
<assign>
<var>${d}</var>
</assign>
<msg timestamp="20191223 15:15:56.878" level="INFO">${d} = 1223</msg>
<status status="PASS" starttime="20191223 15:15:56.878" endtime="20191223 15:15:56.879"></status>
</kw>
<kw name="Get Time" library="BuiltIn">
<doc>Returns the given time in the requested format.</doc>
<arguments>
<arg>format=min</arg>
</arguments>
<assign>
<var>${t}</var>
</assign>
<msg timestamp="20191223 15:15:56.879" level="INFO">${t} = 15</msg>
<status status="PASS" starttime="20191223 15:15:56.879" endtime="20191223 15:15:56.879"></status>
</kw>
<kw name="Set Variable" library="BuiltIn">
<doc>Returns the given values which can then be assigned to a variables.</doc>
<arguments>
<arg>${d}${t}CS@thekeysupport.com</arg>
</arguments>
<assign>
<var>${USERNAME_DYNAMIC}</var>
</assign>
<msg timestamp="20191223 15:15:56.879" level="INFO">${USERNAME_DYNAMIC} = 122315CS@thekeysupport.com</msg>
<status status="PASS" starttime="20191223 15:15:56.879" endtime="20191223 15:15:56.880"></status>
</kw>
<kw name="Set Suite Variable" library="BuiltIn">
<doc>Makes a variable available everywhere within the scope of the current suite.</doc>
<arguments>
<arg>${USERNAME_DYNAMIC}</arg>
</arguments>
<msg timestamp="20191223 15:15:56.880" level="INFO">${USERNAME_DYNAMIC} = 122315CS@thekeysupport.com</msg>
<status status="PASS" starttime="20191223 15:15:56.880" endtime="20191223 15:15:56.880"></status>
</kw>
<kw name="Log To Console" library="BuiltIn">
<doc>Logs the given message to the console.</doc>
<arguments>
<arg>${USERNAME_DYNAMIC}</arg>
</arguments>
<status status="PASS" starttime="20191223 15:15:56.880" endtime="20191223 15:15:56.881"></status>
</kw>
<status status="PASS" starttime="20191223 15:15:56.877" endtime="20191223 15:15:56.881"></status>
</kw>
<status status="PASS" starttime="20191223 15:15:47.267" endtime="20191223 15:15:56.881"></status>
</kw>
<kw name="Open Homepage" library="KSL_res">
<kw name="Loadme" library="homepage">
<kw name="Go To" library="Selenium2Library">
<doc>Navigates the current browser window to the provided ``url``.</doc>
<arguments>
<arg>${URL}</arg>
</arguments>
<msg timestamp="20191223 15:15:56.882" level="INFO">Opening url 'https://schoolleaders.uat-keylabs.com/'</msg>
<status status="PASS" starttime="20191223 15:15:56.882" endtime="20191223 15:15:59.517"></status>
</kw>
<kw name="Title Should Be" library="Selenium2Library">
<doc>Verifies that the current page title equals ``title``.</doc>
<arguments>
<arg>${HOMEPAGE_TEXT_TITLE}</arg>
</arguments>
<msg timestamp="20191223 15:15:59.539" level="INFO">Page title is 'The Key for School Leaders'.</msg>
<status status="PASS" starttime="20191223 15:15:59.517" endtime="20191223 15:15:59.540"></status>
</kw>
<status status="PASS" starttime="20191223 15:15:56.882" endtime="20191223 15:15:59.540"></status>
</kw>
<status status="PASS" starttime="20191223 15:15:56.882" endtime="20191223 15:15:59.540"></status>
</kw>
<kw name="Go to registration page top link" library="KSL_res">
<kw name="Go To Reg Page via Top Link" library="homepage">
<kw name="Click Element" library="Selenium2Library">
<doc>Click the element identified by ``locator``.</doc>
<arguments>
<arg>xpath=//a[contains(@href, 'https://schoolleaders.uat-keylabs.com/register/free/?marker=logged-out-hp')]</arg>
</arguments>
<msg timestamp="20191223 15:15:59.542" level="INFO">Clicking element 'xpath=//a[contains(@href, 'https://schoolleaders.uat-keylabs.com/register/free/?marker=logged-out-hp')]'.</msg>
<status status="PASS" starttime="20191223 15:15:59.542" endtime="20191223 15:16:00.946"></status>
</kw>
<kw name="Wait Until Page Contains" library="Selenium2Library">
<doc>Waits until ``text`` appears on the current page.</doc>
<arguments>
<arg>Complete the form below to register.</arg>
</arguments>
<status status="PASS" starttime="20191223 15:16:00.947" endtime="20191223 15:16:00.979"></status>
</kw>
<status status="PASS" starttime="20191223 15:15:59.541" endtime="20191223 15:16:00.979"></status>
</kw>
<status status="PASS" starttime="20191223 15:15:59.541" endtime="20191223 15:16:00.980"></status>
</kw>
<kw name="Select school for preview" library="KSL_res">
<kw name="Choose My School" library="register">
<arguments>
<arg>${POSTCODE_CSPREVIEW}</arg>
</arguments>
<kw name="Input Text" library="Selenium2Library">
<doc>Types the given ``text`` into the text field identified by ``locator``.</doc>
<arguments>
<arg>${REGISTER_FIELD_POSTCODE}</arg>
<arg>${POSTCODE}</arg>
</arguments>
<msg timestamp="20191223 15:16:00.982" level="INFO">Typing text 'Ch3* St3ps' into text field '//*[@id="newPostcode"]'.</msg>
<status status="PASS" starttime="20191223 15:16:00.981" endtime="20191223 15:16:01.205"></status>
</kw>
<kw name="Sleep" library="BuiltIn">
<doc>Pauses the test executed for the given time.</doc>
<arguments>
<arg>3s</arg>
</arguments>
<msg timestamp="20191223 15:16:04.207" level="INFO">Slept 3 seconds</msg>
<status status="PASS" starttime="20191223 15:16:01.205" endtime="20191223 15:16:04.207"></status>
</kw>
<kw name="Click Button" library="Selenium2Library">
<doc>Clicks the button identified by ``locator``.</doc>
<arguments>
<arg>${REGISTER_BUTTON_SUBMITPOSTCODE}</arg>
</arguments>
<msg timestamp="20191223 15:16:04.208" level="INFO">Clicking button '//*[@id="content"]/div/div[1]/div/div[1]/div[2]/form/div[2]/div[1]/button'.</msg>
<kw name="Capture Page Screenshot" library="Selenium2Library">
<doc>Takes a screenshot of the current page and embeds it into a log file.</doc>
<msg timestamp="20191223 15:16:04.781" level="INFO" html="yes">&lt;/td&gt;&lt;/tr&gt;&lt;tr&gt;&lt;td colspan="3"&gt;&lt;a href="selenium-screenshot-32.png"&gt;&lt;img src="selenium-screenshot-32.png" width="800px"&gt;&lt;/a&gt;</msg>
<status status="PASS" starttime="20191223 15:16:04.342" endtime="20191223 15:16:04.781"></status>
</kw>
<msg timestamp="20191223 15:16:04.785" level="FAIL">ElementClickInterceptedException: Message: element click intercepted: Element &lt;button type="button" class="btn btn-primary join-btn js-school-search-button" data-ci="btn-find-my-school"&gt;...&lt;/button&gt; is not clickable at point (784, 611). Other element would receive the click: &lt;div class="wisepops-overlay PopupOverlay-lap00u-0 kIGsNF" id="wisepops-overlay-188007" style="transition: opacity 0.5s ease 0s; opacity: 0;"&gt;&lt;/div&gt;
  (Session info: chrome=79.0.3945.88)
</msg>
<status status="FAIL" starttime="20191223 15:16:04.207" endtime="20191223 15:16:04.785"></status>
</kw>
<status status="FAIL" starttime="20191223 15:16:00.981" endtime="20191223 15:16:04.785"></status>
</kw>
<status status="FAIL" starttime="20191223 15:16:00.981" endtime="20191223 15:16:04.785"></status>
</kw>
<kw name="End Web Test" library="common_res" type="teardown">
<kw name="Close Browser" library="Selenium2Library">
<doc>Closes the current browser.</doc>
<status status="PASS" starttime="20191223 15:16:04.786" endtime="20191223 15:16:07.267"></status>
</kw>
<status status="PASS" starttime="20191223 15:16:04.786" endtime="20191223 15:16:07.267"></status>
</kw>
<status status="FAIL" starttime="20191223 15:15:47.267" endtime="20191223 15:16:07.268" critical="yes">ElementClickInterceptedException: Message: element click intercepted: Element &lt;button type="button" class="btn btn-primary join-btn js-school-search-button" data-ci="btn-find-my-school"&gt;...&lt;/button&gt; is not clickable at point (784, 611). Other element would receive the click: &lt;div class="wisepops-overlay PopupOverlay-lap00u-0 kIGsNF" id="wisepops-overlay-188007" style="transition: opacity 0.5s ease 0s; opacity: 0;"&gt;&lt;/div&gt;
  (Session info: chrome=79.0.3945.88)
</status>
</test>
<test id="s1-t2" name="Logged out should be able to register for purchase">
<status status="FAIL" starttime="20191223 15:16:07.270" endtime="20191223 15:16:07.271" critical="yes">Test case contains no keywords.</status>
</test>
<status status="FAIL" starttime="20191223 15:15:46.979" endtime="20191223 15:16:07.273"></status>
</suite>
<statistics>
<total>
<stat pass="0" fail="2">Critical Tests</stat>
<stat pass="0" fail="2">All Tests</stat>
</total>
<tag>
</tag>
<suite>
<stat pass="0" fail="2" id="s1" name="LO registration">LO registration</stat>
</suite>
</statistics>
<errors>
</errors>
</robot>
